<?xml version="1.0" encoding="UTF-8"?>
<!-- Generated by org.testng.reporters.JUnitXMLReporter -->
<testsuite hostname="DESKTOP-EK0HI42" ignored="0" name="Test" tests="4" failures="0" timestamp="17 Nov 2021 17:50:31 GMT" time="5.626" errors="0">
  <testcase name="@BeforeTest openURL" time="2.893" classname="SandipFoundation.EndtoendPRoject.validateNavigationBar">
    <failure type="org.openqa.selenium.WebDriverException" message="unknown error: cannot determine loading status
from disconnected: received Inspector.detached event
  (Session info: chrome=95.0.4638.69)
Build info: version: &amp;apos;3.14.0&amp;apos;, revision: &amp;apos;aacccce0&amp;apos;, time: &amp;apos;2018-08-02T20:19:58.91Z&amp;apos;
System info: host: &amp;apos;DESKTOP-EK0HI42&amp;apos;, ip: &amp;apos;192.168.43.78&amp;apos;, os.name: &amp;apos;Windows 10&amp;apos;, os.arch: &amp;apos;amd64&amp;apos;, os.version: &amp;apos;10.0&amp;apos;, java.version: &amp;apos;1.8.0_202&amp;apos;
Driver info: org.openqa.selenium.chrome.ChromeDriver
Capabilities {acceptInsecureCerts: false, browserName: chrome, browserVersion: 95.0.4638.69, chrome: {chromedriverVersion: 95.0.4638.69 (6a1600ed572fe..., userDataDir: C:\Users\Windows\AppData\Lo...}, goog:chromeOptions: {debuggerAddress: localhost:61990}, javascriptEnabled: true, networkConnectionEnabled: false, pageLoadStrategy: normal, platform: WINDOWS, platformName: WINDOWS, proxy: Proxy(), setWindowRect: true, strictFileInteractability: false, timeouts: {implicit: 0, pageLoad: 300000, script: 30000}, unhandledPromptBehavior: dismiss and notify, webauthn:extension:credBlob: true, webauthn:extension:largeBlob: true, webauthn:virtualAuthenticators: true}
Session ID: c129b0b137441c7223d6981cf34382ea">
      <![CDATA[org.openqa.selenium.WebDriverException: unknown error: cannot determine loading status
from disconnected: received Inspector.detached event
  (Session info: chrome=95.0.4638.69)
Build info: version: '3.14.0', revision: 'aacccce0', time: '2018-08-02T20:19:58.91Z'
System info: host: 'DESKTOP-EK0HI42', ip: '192.168.43.78', os.name: 'Windows 10', os.arch: 'amd64', os.version: '10.0', java.version: '1.8.0_202'
Driver info: org.openqa.selenium.chrome.ChromeDriver
Capabilities {acceptInsecureCerts: false, browserName: chrome, browserVersion: 95.0.4638.69, chrome: {chromedriverVersion: 95.0.4638.69 (6a1600ed572fe..., userDataDir: C:\Users\Windows\AppData\Lo...}, goog:chromeOptions: {debuggerAddress: localhost:61990}, javascriptEnabled: true, networkConnectionEnabled: false, pageLoadStrategy: normal, platform: WINDOWS, platformName: WINDOWS, proxy: Proxy(), setWindowRect: true, strictFileInteractability: false, timeouts: {implicit: 0, pageLoad: 300000, script: 30000}, unhandledPromptBehavior: dismiss and notify, webauthn:extension:credBlob: true, webauthn:extension:largeBlob: true, webauthn:virtualAuthenticators: true}
Session ID: c129b0b137441c7223d6981cf34382ea
at org.openqa.selenium.remote.http.W3CHttpResponseCodec.createException(W3CHttpResponseCodec.java:187)
at org.openqa.selenium.remote.http.W3CHttpResponseCodec.decode(W3CHttpResponseCodec.java:122)
at org.openqa.selenium.remote.http.W3CHttpResponseCodec.decode(W3CHttpResponseCodec.java:49)
at org.openqa.selenium.remote.HttpCommandExecutor.execute(HttpCommandExecutor.java:158)
at org.openqa.selenium.remote.service.DriverCommandExecutor.execute(DriverCommandExecutor.java:83)
at org.openqa.selenium.remote.RemoteWebDriver.execute(RemoteWebDriver.java:548)
at org.openqa.selenium.remote.RemoteWebDriver.get(RemoteWebDriver.java:276)
at SandipFoundation.EndtoendPRoject.validateNavigationBar.openURL(validateNavigationBar.java:22)
... Removed 32 stack frames]]>
    </failure>
  </testcase> <!-- @BeforeTest openURL -->
  <testcase name="@BeforeTest openURL" time="0.0" classname="SandipFoundation.EndtoendPRoject.validateTitle">
    <skipped/>
  </testcase> <!-- @BeforeTest openURL -->
  <testcase name="@AfterTest closeBrowser" time="0.0" classname="SandipFoundation.EndtoendPRoject.Homepage">
    <skipped/>
  </testcase> <!-- @AfterTest closeBrowser -->
  <testcase name="@AfterTest closeBrowser" time="0.0" classname="SandipFoundation.EndtoendPRoject.validateNavigationBar">
    <skipped/>
  </testcase> <!-- @AfterTest closeBrowser -->
  <testcase name="@AfterTest closeBrowser" time="0.0" classname="SandipFoundation.EndtoendPRoject.validateTitle">
    <skipped/>
  </testcase> <!-- @AfterTest closeBrowser -->
  <testcase name="basepageNavigation" time="0.0" classname="SandipFoundation.EndtoendPRoject.validateNavigationBar">
    <skipped/>
  </testcase> <!-- basepageNavigation -->
  <testcase name="basepageNavigation" time="0.0" classname="SandipFoundation.EndtoendPRoject.validateTitle">
    <skipped/>
  </testcase> <!-- basepageNavigation -->
  <testcase name="basepageNavigation" time="0.0" classname="SandipFoundation.EndtoendPRoject.Homepage">
    <skipped/>
  </testcase> <!-- basepageNavigation -->
  <testcase name="basepageNavigation" time="0.0" classname="SandipFoundation.EndtoendPRoject.Homepage">
    <skipped/>
  </testcase> <!-- basepageNavigation -->
</testsuite> <!-- Test -->
